<?xml version="1.0" encoding="UTF-8"?>
<!-- Generated by org.testng.reporters.JUnitReportReporter -->
<testsuite skipped="1" hostname="dell"
	name="practice.ecoomerceAutomation.TestCases.RegistrationTest" tests="1"
	failures="0" timestamp="19 Jun 2020 21:19:18 GMT" time="0.000" errors="0">
	<testcase name="Registration" time="0.000"
		classname="practice.ecoomerceAutomation.TestCases.RegistrationTest">
		<skipped />
	</testcase> <!-- Registration -->
</testsuite> <!-- practice.ecoomerceAutomation.TestCases.RegistrationTest -->
