<?xml version="1.0" encoding="UTF-8"?>
<!-- Generated by org.testng.reporters.JUnitReportReporter -->
<testsuite skipped="0" hostname="dell"
	name="practice.ecoomerceAutomation.Utils.FindAllLinkTest" tests="1"
	failures="0" timestamp="06 May 2020 20:39:58 GMT" time="16.654" errors="0">
	<testcase name="printallLinks" time="16.654"
		classname="practice.ecoomerceAutomation.Utils.FindAllLinkTest" />
</testsuite> <!-- practice.ecoomerceAutomation.Utils.FindAllLinkTest -->
