<?xml version="1.0" encoding="UTF-8"?>
<!-- Generated by org.testng.reporters.JUnitReportReporter -->
<testsuite skipped="0" hostname="dell"
	name="practice.ecoomerceAutomation.TestCases.FindAllLinkTest" tests="1"
	failures="0" timestamp="07 May 2020 09:59:09 GMT" time="50.345" errors="0">
	<testcase name="printallLinks" time="50.345"
		classname="practice.ecoomerceAutomation.TestCases.FindAllLinkTest" />
</testsuite> <!-- practice.ecoomerceAutomation.TestCases.FindAllLinkTest -->
